<?xml version="1.0" encoding="UTF-8"?>
<!-- Generated by org.testng.reporters.JUnitReportReporter -->
<testsuite skipped="0" hostname="PIS046" name="Execution.Executetestcases" tests="12" failures="0" timestamp="2020-06-26T11:38:51 IST" time="97.083" errors="0">
  <testcase name="loginTest" time="5.425" classname="Execution.Executetestcases"/>
  <system-out/>
  <testcase name="CreateOrdercalltracker" time="35.516" classname="Execution.Executetestcases"/>
  <system-out/>
  <testcase name="WorkOrder" time="10.218" classname="Execution.Executetestcases"/>
  <system-out/>
  <testcase name="Photos" time="3.200" classname="Execution.Executetestcases"/>
  <system-out/>
  <testcase name="Estimate" time="3.259" classname="Execution.Executetestcases"/>
  <system-out/>
  <testcase name="billing" time="6.151" classname="Execution.Executetestcases"/>
  <system-out/>
  <testcase name="Supply" time="2.128" classname="Execution.Executetestcases"/>
  <system-out/>
  <testcase name="payment" time="1.902" classname="Execution.Executetestcases"/>
  <system-out/>
  <testcase name="Receipt" time="4.235" classname="Execution.Executetestcases"/>
  <system-out/>
  <testcase name="invoice" time="3.219" classname="Execution.Executetestcases"/>
  <system-out/>
  <testcase name="form" time="3.390" classname="Execution.Executetestcases"/>
  <system-out/>
  <testcase name="Submit" time="18.440" classname="Execution.Executetestcases"/>
  <system-out/>
</testsuite> <!-- Execution.Executetestcases -->
