<?xml version="1.0" encoding="UTF-8"?>
<!-- Generated by org.testng.reporters.JUnitReportReporter -->
<testsuite skipped="0" hostname="PIS046" name="Execution.Executetestcases" tests="3" failures="0" timestamp="2020-06-10T11:46:00 IST" time="40.452" errors="0">
  <testcase name="loginTest" time="5.673" classname="Execution.Executetestcases"/>
  <system-out/>
  <testcase name="CreateOrdercalltracker" time="34.776" classname="Execution.Executetestcases"/>
  <system-out/>
  <testcase name="WorkOrder" time="0.003" classname="Execution.Executetestcases"/>
  <system-out/>
</testsuite> <!-- Execution.Executetestcases -->
