<?xml version="1.0" encoding="UTF-8"?>
<!-- Generated by org.testng.reporters.JUnitReportReporter -->
<testsuite hostname="LAPTOP-G9HHL1F8" failures="0" tests="3" name="Execution.ExecuteScheduling" time="14.154" errors="0" timestamp="2020-07-04T04:50:32 IST" skipped="0">
  <testcase classname="Execution.ExecuteScheduling" name="loginTest" time="5.937"/>
  <system-out/>
  <testcase classname="Execution.ExecuteScheduling" name="clickschedule" time="3.593"/>
  <system-out/>
  <testcase classname="Execution.ExecuteScheduling" name="Clickondate" time="4.624"/>
  <system-out/>
</testsuite> <!-- Execution.ExecuteScheduling -->
