<?xml version="1.0" encoding="UTF-8"?>
<!-- Generated by org.testng.reporters.JUnitReportReporter -->
<testsuite skipped="0" hostname="PIS046" name="Execution.ExecuteTicket" tests="1" failures="0" timestamp="2020-06-26T11:40:08 IST" time="20.229" errors="0">
  <testcase name="CreateTicketNew" time="20.229" classname="Execution.ExecuteTicket"/>
  <system-out/>
</testsuite> <!-- Execution.ExecuteTicket -->
