<?xml version="1.0" encoding="UTF-8"?>
<!-- Generated by org.testng.reporters.JUnitReportReporter -->
<testsuite skipped="0" hostname="PIS046" name="Execution.ExecuteRegisterUser" tests="2" failures="0" timestamp="2020-06-07T04:54:54 IST" time="25.487" errors="0">
  <testcase name="openregisterpage" time="8.195" classname="Execution.ExecuteRegisterUser"/>
  <system-out/>
  <testcase name="EnterDetails" time="17.292" classname="Execution.ExecuteRegisterUser"/>
  <system-out/>
</testsuite> <!-- Execution.ExecuteRegisterUser -->
