<?xml version="1.0" encoding="UTF-8"?>
<!-- Generated by org.testng.reporters.JUnitReportReporter -->
<testsuite skipped="0" hostname="PIS046" name="Execution.ExecuteRegisterUser" tests="3" failures="0" timestamp="2020-06-10T11:42:14 IST" time="37.234" errors="0">
  <testcase name="openregisterpage" time="5.287" classname="Execution.ExecuteRegisterUser"/>
  <system-out/>
  <testcase name="EnterDetails" time="24.686" classname="Execution.ExecuteRegisterUser"/>
  <system-out/>
  <testcase name="submiteform" time="7.261" classname="Execution.ExecuteRegisterUser"/>
  <system-out/>
</testsuite> <!-- Execution.ExecuteRegisterUser -->
