<?xml version="1.0" encoding="UTF-8"?>
<!-- Generated by org.testng.reporters.JUnitReportReporter -->
<testsuite skipped="0" hostname="PIS046" name="Execution.ExecuteTest2" tests="1" failures="0" timestamp="2020-06-05T15:35:09 IST" time="0.038" errors="0">
  <testcase name="h" time="0.038" classname="Execution.ExecuteTest2"/>
  <system-out/>
</testsuite> <!-- Execution.ExecuteTest2 -->
