<?xml version="1.0" encoding="UTF-8"?>
<!-- Generated by org.testng.reporters.JUnitReportReporter -->
<testsuite skipped="0" hostname="PIS046" name="Execution.Executetestcases" tests="2" failures="0" timestamp="2020-06-07T03:18:00 IST" time="24.035" errors="0">
  <testcase name="loginTest" time="9.972" classname="Execution.Executetestcases"/>
  <system-out/>
  <testcase name="CreateOrder" time="14.063" classname="Execution.Executetestcases"/>
  <system-out/>
</testsuite> <!-- Execution.Executetestcases -->
