<?xml version="1.0" encoding="UTF-8"?>
<!-- Generated by org.testng.reporters.JUnitReportReporter -->
<testsuite skipped="0" hostname="PIS046" name="Execution.ExecuteForgetPassword" tests="1" failures="0" timestamp="2020-06-05T15:24:31 IST" time="34.789" errors="0">
  <testcase name="verifyforgetpassword" time="34.789" classname="Execution.ExecuteForgetPassword"/>
  <system-out/>
</testsuite> <!-- Execution.ExecuteForgetPassword -->
